<?xml version="1.0" encoding="UTF-8"?>
<!-- Generated by org.testng.reporters.JUnitXMLReporter -->
<testsuite hostname="Abrahams-MacBook-Air.local" ignored="4" name="Default test" tests="1" failures="0" timestamp="24 May 2019 23:58:32 GMT" time="12.296" errors="0">
  <testcase name="OpenAccount" time="2.727" classname="MainTestCases.LunchingApplication"/>
  <testcase name="GettheTitle" time="0.0" classname="MainTestCases.LunchingApplication">
    <ignored/>
  </testcase> <!-- GettheTitle -->
  <testcase name="loginAsmanager" time="0.0" classname="MainTestCases.LunchingApplication">
    <ignored/>
  </testcase> <!-- loginAsmanager -->
  <testcase name="clciktoButton" time="0.0" classname="MainTestCases.LunchingApplication">
    <ignored/>
  </testcase> <!-- clciktoButton -->
  <testcase name="SelectName" time="0.0" classname="MainTestCases.LunchingApplication">
    <ignored/>
  </testcase> <!-- SelectName -->
</testsuite> <!-- Default test -->
