<?xml version="1.0" encoding="UTF-8"?>
<testng-results skipped="0" failed="0" ignored="4" total="5" passed="1">
  <reporter-output>
  </reporter-output>
  <suite name="Default suite" duration-ms="12296" started-at="2019-05-24T23:58:19Z" finished-at="2019-05-24T23:58:32Z">
    <groups>
    </groups>
    <test name="Default test" duration-ms="12296" started-at="2019-05-24T23:58:19Z" finished-at="2019-05-24T23:58:32Z">
      <class name="MainTestCases.LunchingApplication">
        <test-method status="PASS" signature="setUp()[pri:0, instance:MainTestCases.LunchingApplication@4f7d0008]" name="setUp" is-config="true" duration-ms="9087" started-at="2019-05-24T23:58:19Z" finished-at="2019-05-24T23:58:29Z">
          <reporter-output>
          </reporter-output>
        </test-method> <!-- setUp -->
        <test-method status="PASS" signature="OpenAccount()[pri:0, instance:MainTestCases.LunchingApplication@4f7d0008]" name="OpenAccount" duration-ms="2727" started-at="2019-05-24T23:58:29Z" finished-at="2019-05-24T23:58:31Z">
          <reporter-output>
          </reporter-output>
        </test-method> <!-- OpenAccount -->
        <test-method status="PASS" signature="closeUp()[pri:0, instance:MainTestCases.LunchingApplication@4f7d0008]" name="closeUp" is-config="true" duration-ms="438" started-at="2019-05-24T23:58:31Z" finished-at="2019-05-24T23:58:32Z">
          <reporter-output>
          </reporter-output>
        </test-method> <!-- closeUp -->
      </class> <!-- MainTestCases.LunchingApplication -->
    </test> <!-- Default test -->
  </suite> <!-- Default suite -->
</testng-results>
